1518564633371	geckodriver	INFO	geckodriver 0.19.1
1518564633377	geckodriver	INFO	Listening on 127.0.0.1:54761
1518564663829	geckodriver	INFO	geckodriver 0.19.1
1518564663835	geckodriver	INFO	Listening on 127.0.0.1:54772
1518564930682	geckodriver	INFO	geckodriver 0.19.1
1518564930690	geckodriver	INFO	Listening on 127.0.0.1:54897
1518564933761	mozrunner::runner	INFO	Running command: "C:\\Program Files\\Mozilla Firefox\\firefox.exe" "-marionette" "-profile" "C:\\Users\\Alec\\AppData\\Local\\Temp\\rust_mozprofile.7MN5TMw0Deya"
1518564934878	Marionette	INFO	Enabled via --marionette
1518564937335	Marionette	INFO	Listening on port 54905
1518564937430	Marionette	WARN	TLS certificate errors will be ignored for this session
Unable to read VR Path Registry from C:\Users\Alec\AppData\Local\openvr\openvrpaths.vrpath
[Parent 18380, Gecko_IOThread] WARNING: pipe error: 109: file z:/build/build/src/ipc/chromium/src/chrome/common/ipc_channel_win.cc, line 346
Unable to read VR Path Registry from C:\Users\Alec\AppData\Local\openvr\openvrpaths.vrpath
[Child 14968, Chrome_ChildThread] WARNING: pipe error: 109: file z:/build/build/src/ipc/chromium/src/chrome/common/ipc_channel_win.cc, line 346
[Child 14968, Chrome_ChildThread] WARNING: pipe error: 109: file z:/build/build/src/ipc/chromium/src/chrome/common/ipc_channel_win.cc, line 346
Unable to read VR Path Registry from C:\Users\Alec\AppData\Local\openvr\openvrpaths.vrpath
[Child 6756, Chrome_ChildThread] WARNING: pipe error: 109: file z:/build/build/src/ipc/chromium/src/chrome/common/ipc_channel_win.cc, line 346
Unable to read VR Path Registry from C:\Users\Alec\AppData\Local\openvr\openvrpaths.vrpath
[GPU 8924, Chrome_ChildThread] WARNING: pipe error: 109: file z:/build/build/src/ipc/chromium/src/chrome/common/ipc_channel_win.cc, line 346

###!!! [Child][MessageChannel::SendAndWait] Error: Channel error: cannot send/recv

pData\Local\openvr\openvrpaths.vrpath
[Child 15300, Chrome_ChildThread] WARNING: pipe error: 109: file z:/build/build/src/ipc/chromium/src/chrome/common/ipc_channel_win.cc, line 346
[Child 15300, Chrome_ChildThread] WARNING: pipe error: 109: file z:/build/build/src/ipc/chromium/src/chrome/common/ipc_channel_win.cc, line 346
[Parent 11656, Gecko_IOThread] WARNING: pipe error: 109: file z:/build/build/src/ipc/chromium/src/chrome/common/ipc_channel_win.cc, line 346
Unable to read VR Path Registry from C:\Users\Alec\AppData\Local\openvr\openvrpaths.vrpath
[GPU 8312, Chrome_ChildThread] WARNING: pipe error: 109: file z:/build/build/src/ipc/chromium/src/chrome/common/ipc_channel_win.cc, line 346

###!!! [Child][MessageChannel::SendAndWait] Error: Channel error: cannot send/recv

3100, Chrome_ChildThread] WARNING: pipe error: 109: file z:/build/build/src/ipc/chromium/src/chrome/common/ipc_channel_win.cc, line 346

###!!! [Child][MessageChannel::SendAndWait] Error: Channel error: cannot send/recv

Unable to read VR Path Registry from C:\Users\Alec\AppData\Local\openvr\openvrpaths.vrpath
1518565546573	geckodriver	INFO	geckodriver 0.19.1
1518565546579	geckodriver	INFO	Listening on 127.0.0.1:56083
1518565549635	mozrunner::runner	INFO	Running command: "C:\\Program Files\\Mozilla Firefox\\firefox.exe" "-marionette" "-profile" "C:\\Users\\Alec\\AppData\\Local\\Temp\\rust_mozprofile.xmNba6rb2McE"
1518565550048	Marionette	INFO	Enabled via --marionette
1518565551149	Marionette	INFO	Listening on port 56091
1518565551174	Marionette	WARN	TLS certificate errors will be ignored for this session
Unable to read VR Path Registry from C:\Users\Alec\AppData\Local\openvr\openvrpaths.vrpath
JavaScript error: resource:///modules/FormSubmitObserver.jsm, line 218: TypeError: this._mm is null
JavaScript error: https://g1.nyt.com/assets/homepage/20180213-231916/js/foundation/lib/framework.js, line 1: Error: Script error
http://requirejs.org/docs/errors.html#scripterror
Unable to read VR Path Registry from C:\Users\Alec\AppData\Local\openvr\openvrpaths.vrpath
[Child 12664, Chrome_ChildThread] WARNING: pipe error: 109: file z:/build/build/src/ipc/chromium/src/chrome/common/ipc_channel_win.cc, line 346
[Child 12664, Chrome_ChildThread] WARNING: pipe error: 109: file z:/build/build/src/ipc/chromium/src/chrome/common/ipc_channel_win.cc, line 346
Unable to read VR Path Registry from C:\Users\Alec\AppData\Local\openvr\openvrpaths.vrpath
[Parent 17524, Gecko_IOThread] WARNING: pipe error: 109: file z:/build/build/src/ipc/chromium/src/chrome/common/ipc_channel_win.cc, line 346
[Child 18936, Chrome_ChildThread] WARNING: pipe error: 232: file z:/build/build/src/ipc/chromium/src/chrome/common/ipc_channel_win.cc, line 513

###!!! [Child][RunMessage] Error: Channel closing: too late to send/recv, messages will be lost


###!!! [Child][RunMessage] Error: Channel closing: too late to send/recv, messages will be lost


###!!! [Child][RunMessage] Error: Channel closing: too late to send/recv, messages will be lost


###!!! [Child][RunMessage] Error: Channel closing: too late to send/recv, messages will be lost


###!!! [Child][RunMessage] Error: Channel closing: too late to send/recv, messages will be lost

[Child 18936, Chrome_ChildThread] WARNING: pipe error: 109: file z:/build/build/src/ipc/chromium/src/chrome/common/ipc_channel_win.cc, line 346
Unable to read VR Path Registry from C:\Users\Alec\AppData\Local\openvr\openvrpaths.vrpath
[Child 17708, Chrome_ChildThread] WARNING: pipe error: 109: file z:/build/build/src/ipc/chromium/src/chrome/common/ipc_channel_win.cc, line 346
[Child 17708, Chrome_ChildThread] WARNING: pipe error: 109: file z:/build/build/src/ipc/chromium/src/chrome/common/ipc_channel_win.cc, line 346
*** UTM:SVC TimerManager:registerTimer called after profile-before-change notification. Ignoring timer registration for id: telemetry_modules_ping
Unable to read VR Path Registry from C:\Users\Alec\AppData\Local\openvr\openvrpaths.vrpath
[GPU 15224, Chrome_ChildThread] WARNING: pipe error: 109: file z:/build/build/src/ipc/chromium/src/chrome/common/ipc_channel_win.cc, line 346

###!!! [Child][MessageChannel::SendAndWait] Error: Channel error: cannot send/recv

1518567735428	geckodriver	INFO	geckodriver 0.19.1
1518567735434	geckodriver	INFO	Listening on 127.0.0.1:56672
1518567738490	mozrunner::runner	INFO	Running command: "C:\\Program Files\\Mozilla Firefox\\firefox.exe" "-marionette" "-profile" "C:\\Users\\Alec\\AppData\\Local\\Temp\\rust_mozprofile.PyHRk58gh7O6"
1518567738912	Marionette	INFO	Enabled via --marionette
1518567739953	Marionette	INFO	Listening on port 56680
1518567740005	Marionette	WARN	TLS certificate errors will be ignored for this session
Unable to read VR Path Registry from C:\Users\Alec\AppData\Local\openvr\openvrpaths.vrpath
[Child 2980, Chrome_ChildThread] WARNING: pipe error: 109: file z:/build/build/src/ipc/chromium/src/chrome/common/ipc_channel_win.cc, line 346
[Child 2980, Chrome_ChildThread] WARNING: pipe error: 109: file z:/build/build/src/ipc/chromium/src/chrome/common/ipc_channel_win.cc, line 346
Unable to read VR Path Registry from C:\Users\Alec\AppData\Local\openvr\openvrpaths.vrpath
[Child 12448, Chrome_ChildThread] WARNING: pipe error: 109: file z:/build/build/src/ipc/chromium/src/chrome/common/ipc_channel_win.cc, line 346
[Child 12448, Chrome_ChildThread] WARNING: pipe error: 109: file z:/build/build/src/ipc/chromium/src/chrome/common/ipc_channel_win.cc, line 346
Unable to read VR Path Registry from C:\Users\Alec\AppData\Local\openvr\openvrpaths.vrpath
[GPU 15396, Chrome_ChildThread] WARNING: pipe error: 109: file z:/build/build/src/ipc/chromium/src/chrome/common/ipc_channel_win.cc, line 346

###!!! [Child][MessageChannel::SendAndWait] Error: Channel error: cannot send/recv

Unable to read VR Path Registry from C:\Users\Alec\AppData\Local\openvr\openvrpaths.vrpath
1518569616933	geckodriver	INFO	geckodriver 0.19.1
1518569616938	geckodriver	INFO	Listening on 127.0.0.1:59415
1518569619991	mozrunner::runner	INFO	Running command: "C:\\Program Files\\Mozilla Firefox\\firefox.exe" "-marionette" "-profile" "C:\\Users\\Alec\\AppData\\Local\\Temp\\rust_mozprofile.crXfimO2B9mO"
1518569620603	Marionette	INFO	Enabled via --marionette
1518569621724	Marionette	INFO	Listening on port 59423
1518569622003	Marionette	WARN	TLS certificate errors will be ignored for this session
Unable to read VR Path Registry from C:\Users\Alec\AppData\Local\openvr\openvrpaths.vrpath
[Parent 3100, Gecko_IOThread] WARNING: pipe error: 109: file z:/build/build/src/ipc/chromium/src/chrome/common/ipc_channel_win.cc, line 346
Unable to read VR Path Registry from C:\Users\Alec\AppData\Local\openvr\openvrpaths.vrpath
[Child 16740, Chrome_ChildThread] WARNING: pipe error: 109: file z:/build/build/src/ipc/chromium/src/chrome/common/ipc_channel_win.cc, line 346
Unable to read VR Path Registry from C:\Users\Alec\AppData\Local\openvr\openvrpaths.vrpath
JavaScript error: resource:///modules/FormSubmitObserver.jsm, line 218: TypeError: this._mm is null
IPDL protocol error: Handler returned error code!

###!!! [Parent][DispatchAsyncMessage] Error: PLayerTransaction::Msg_ReleaseLayer Processing error: message was deserialized, but the handler returned false (indicating failure)

IPDL protocol error: Handler returned error code!

###!!! [Parent][DispatchAsyncMessage] Error: PLayerTransaction::Msg_ReleaseLayer Processing error: message was deserialized, but the handler returned false (indicating failure)

IPDL protocol error: Handler returned error code!

###!!! [Parent][DispatchAsyncMessage] Error: PLayerTransaction::Msg_ReleaseLayer Processing error: message was deserialized, but the handler returned false (indicating failure)

IPDL protocol error: Handler returned error code!

###!!! [Parent][DispatchAsyncMessage] Error: PLayerTransaction::Msg_ReleaseLayer Processing error: message was deserialized, but the handler returned false (indicating failure)

IPDL protocol error: Handler returned error code!

###!!! [Parent][DispatchAsyncMessage] Error: PLayerTransaction::Msg_ReleaseLayer Processing error: message was deserialized, but the handler returned false (indicating failure)

IPDL protocol error: Handler returned error code!

###!!! [Parent][DispatchAsyncMessage] Error: PLayerTransaction::Msg_ReleaseLayer Processing error: message was deserialized, but the handler returned false (indicating failure)

IPDL protocol error: Handler returned error code!

###!!! [Parent][DispatchAsyncMessage] Error: PLayerTransaction::Msg_ReleaseLayer Processing error: message was deserialized, but the handler returned false (indicating failure)

IPDL protocol error: Handler returned error code!

###!!! [Parent][DispatchAsyncMessage] Error: PLayerTransaction::Msg_ReleaseLayer Processing error: message was deserialized, but the handler returned false (indicating failure)

IPDL protocol error: Handler returned error code!

###!!! [Parent][DispatchAsyncMessage] Error: PLayerTransaction::Msg_ReleaseLayer Processing error: message was deserialized, but the handler returned false (indicating failure)

IPDL protocol error: Handler returned error code!

###!!! [Parent][DispatchAsyncMessage] Error: PLayerTransaction::Msg_ReleaseLayer Processing error: message was deserialized, but the handler returned false (indicating failure)

JavaScript error: https://g1.nyt.com/assets/homepage/20180213-231916/js/foundation/lib/framework.js, line 1: Error: Script error
http://requirejs.org/docs/errors.html#scripterror
[Child 16428, Chrome_ChildThread] WARNING: pipe error: 109: file z:/build/build/src/ipc/chromium/src/chrome/common/ipc_channel_win.cc, line 346
Unable to read VR Path Registry from C:\Users\Alec\AppData\Local\openvr\openvrpaths.vrpath
[Child 16896, Chrome_ChildThread] WARNING: pipe error: 109: file z:/build/build/src/ipc/chromium/src/chrome/common/ipc_channel_win.cc, line 346
*** UTM:SVC TimerManager:registerTimer called after profile-before-change notification. Ignoring timer registration for id: telemetry_modules_ping
Unable to read VR Path Registry from C:\Users\Alec\AppData\Local\openvr\openvrpaths.vrpath
[GPU 12112, Chrome_ChildThread] WARNING: pipe error: 109: file z:/build/build/src/ipc/chromium/src/chrome/common/ipc_channel_win.cc, line 346

###!!! [Child][MessageChannel::SendAndWait] Error: Channel error: cannot send/recv

1520394835322	geckodriver	INFO	geckodriver 0.19.1
1520394835336	geckodriver	INFO	Listening on 127.0.0.1:59229
1520394838444	mozrunner::runner	INFO	Running command: "C:\\Program Files\\Mozilla Firefox\\firefox.exe" "-marionette" "-profile" "C:\\Users\\Alec\\AppData\\Local\\Temp\\rust_mozprofile.kL0UcgZL8z3d"
Unable to read VR Path Registry from C:\Users\Alec\AppData\Local\openvr\openvrpaths.vrpath
1520394839766	Marionette	INFO	Enabled via --marionette
Unable to read VR Path Registry from C:\Users\Alec\AppData\Local\openvr\openvrpaths.vrpath
Unable to read VR Path Registry from C:\Users\Alec\AppData\Local\openvr\openvrpaths.vrpath
Unable to read VR Path Registry from C:\Users\Alec\AppData\Local\openvr\openvrpaths.vrpath
1520394841300	Marionette	INFO	Listening on port 59241
Unable to read VR Path Registry from C:\Users\Alec\AppData\Local\openvr\openvrpaths.vrpath
1520394841630	Marionette	WARN	TLS certificate errors will be ignored for this session
[Child 17612, Chrome_ChildThread] WARNING: pipe error: 109: file z:/build/build/src/ipc/chromium/src/chrome/common/ipc_channel_win.cc, line 346
[Child 176[Child 1776, Chrome_ChildThread] WARNING: pipe error: 109: file z:/build/build/src/ipc/chromium/src/chrome/common/ipc_channel_win.cc, line 346
[Child 1776,[Child 7992, Chrome_ChildThread] WARNING: pipe error: 109: file z:/build/build/src/ipc/chromium/src/chrome/common/ipc_channel_win.cc, line 346
[Child 7992, Chrome*** UTM:SVC TimerManager:registerTimer called after profile-before-change notification. Ignoring timer registration for id: telemetry_modules_ping
[GPU 15712, Chrome_C
###!!! [Child][MessageChannel::SendAndWait] Error: Channel error: cannot send/recv

